Symbol range map extraction starting
Processing 44 files
processing net\ccbluex\LiquidBase\LiquidBase.java
processing net\ccbluex\LiquidBase\Wrapper.java
processing net\ccbluex\LiquidBase\clickgui\Button.java
processing net\ccbluex\LiquidBase\clickgui\ClickGUI.java
processing net\ccbluex\LiquidBase\clickgui\Panel.java
processing net\ccbluex\LiquidBase\command\Command.java
processing net\ccbluex\LiquidBase\command\CommandManager.java
processing net\ccbluex\LiquidBase\command\commands\BindCommand.java
processing net\ccbluex\LiquidBase\command\commands\ToggleCommand.java
processing net\ccbluex\LiquidBase\command\commands\ValueCommand.java
processing net\ccbluex\LiquidBase\event\CancellableEvent.java
processing net\ccbluex\LiquidBase\event\Event.java
processing net\ccbluex\LiquidBase\event\EventListener.java
processing net\ccbluex\LiquidBase\event\EventManager.java
processing net\ccbluex\LiquidBase\event\EventMethod.java
processing net\ccbluex\LiquidBase\event\EventTarget.java
processing net\ccbluex\LiquidBase\event\events\KeyEvent.java
processing net\ccbluex\LiquidBase\event\events\MotionUpdateEvent.java
processing net\ccbluex\LiquidBase\event\events\PacketEvent.java
processing net\ccbluex\LiquidBase\event\events\Render2DEvent.java
processing net\ccbluex\LiquidBase\filesystem\FileManager.java
processing net\ccbluex\LiquidBase\injection\MixinLoader.java
processing net\ccbluex\LiquidBase\injection\mixins\MixinEntityPlayerSP.java
processing net\ccbluex\LiquidBase\injection\mixins\MixinGuiIngame.java
processing net\ccbluex\LiquidBase\injection\mixins\MixinGuiScreen.java
processing net\ccbluex\LiquidBase\injection\mixins\MixinGuiSpectator.java
processing net\ccbluex\LiquidBase\injection\mixins\MixinMinecraft.java
processing net\ccbluex\LiquidBase\injection\mixins\MixinNetworkManager.java
processing net\ccbluex\LiquidBase\injection\mixins\MixinRenderer.java
processing net\ccbluex\LiquidBase\injection\mixins\MixinRendererLivingEntity.java
processing net\ccbluex\LiquidBase\module\Module.java
processing net\ccbluex\LiquidBase\module\ModuleCategory.java
processing net\ccbluex\LiquidBase\module\ModuleInfo.java
processing net\ccbluex\LiquidBase\module\ModuleManager.java
processing net\ccbluex\LiquidBase\module\modules\combat\KillAura.java
processing net\ccbluex\LiquidBase\module\modules\movement\Speed.java
processing net\ccbluex\LiquidBase\module\modules\movement\Sprint.java
processing net\ccbluex\LiquidBase\module\modules\render\Chams.java
processing net\ccbluex\LiquidBase\module\modules\render\ClickGUI.java
processing net\ccbluex\LiquidBase\module\modules\render\HUD.java
processing net\ccbluex\LiquidBase\module\modules\world\FastPlace.java
processing net\ccbluex\LiquidBase\utils\ChatUtils.java
processing net\ccbluex\LiquidBase\utils\OutlineUtils.java
processing net\ccbluex\LiquidBase\valuesystem\Value.java
